<?xml version="1.0" encoding="UTF-8"?>
<robot generator="Robot 3.1.2 (Python 3.8.0 on win32)" generated="20191207 23:31:17.311" rpa="false">
<suite id="s1" name="SampleFirst" source="C:\Users\suraj\eclipse-workspace\FirstRoboProject\TestFolder\SampleFirst.robot">
<kw name="Log" library="BuiltIn" type="setup">
<doc>Logs the given message with the given level.</doc>
<arguments>
<arg>In_Suite_setup</arg>
</arguments>
<msg timestamp="20191207 23:31:17.609" level="INFO">In_Suite_setup</msg>
<status status="PASS" starttime="20191207 23:31:17.609" endtime="20191207 23:31:17.609"></status>
</kw>
<test id="s1-t1" name="MyFirstTest">
<kw name="Log" library="BuiltIn">
<doc>Logs the given message with the given level.</doc>
<arguments>
<arg>In first test case</arg>
</arguments>
<msg timestamp="20191207 23:31:17.613" level="INFO">In first test case</msg>
<status status="PASS" starttime="20191207 23:31:17.613" endtime="20191207 23:31:17.613"></status>
</kw>
<tags>
<tag>sanity</tag>
</tags>
<status status="PASS" starttime="20191207 23:31:17.609" endtime="20191207 23:31:17.613" critical="yes"></status>
</test>
<test id="s1-t2" name="MySecondTest">
<kw name="Log" library="BuiltIn">
<doc>Logs the given message with the given level.</doc>
<arguments>
<arg>In second test case</arg>
</arguments>
<msg timestamp="20191207 23:31:17.617" level="INFO">In second test case</msg>
<status status="PASS" starttime="20191207 23:31:17.613" endtime="20191207 23:31:17.617"></status>
</kw>
<tags>
<tag>smoke</tag>
</tags>
<status status="PASS" starttime="20191207 23:31:17.613" endtime="20191207 23:31:17.617" critical="yes"></status>
</test>
<kw name="Close All Browsers" library="SeleniumLibrary" type="teardown">
<doc>Closes all open browsers and resets the browser cache.</doc>
<status status="PASS" starttime="20191207 23:31:17.617" endtime="20191207 23:31:17.617"></status>
</kw>
<status status="PASS" starttime="20191207 23:31:17.315" endtime="20191207 23:31:17.617"></status>
</suite>
<statistics>
<total>
<stat pass="2" fail="0">Critical Tests</stat>
<stat pass="2" fail="0">All Tests</stat>
</total>
<tag>
<stat pass="1" fail="0">sanity</stat>
<stat pass="1" fail="0">smoke</stat>
</tag>
<suite>
<stat pass="2" fail="0" id="s1" name="SampleFirst">SampleFirst</stat>
</suite>
</statistics>
<errors>
</errors>
</robot>
