<?xml version="1.0" encoding="UTF-8"?>
<robot generator="Robot 3.1.2 (Python 3.8.0 on win32)" generated="20191207 23:55:20.982" rpa="false">
<suite id="s1" name="FirstRoboProject" source="C:\Users\suraj\git\RobotRepo_Suraj_Date\FirstRoboProject">
<suite id="s1-s1" name="TestFolder" source="C:\Users\suraj\git\RobotRepo_Suraj_Date\FirstRoboProject\TestFolder">
<suite id="s1-s1-s1" name="SampleFirst" source="C:\Users\suraj\git\RobotRepo_Suraj_Date\FirstRoboProject\TestFolder\SampleFirst.robot">
<kw name="Log" library="BuiltIn" type="setup">
<doc>Logs the given message with the given level.</doc>
<arguments>
<arg>In_Suite_setup</arg>
</arguments>
<msg timestamp="20191207 23:55:21.617" level="INFO">In_Suite_setup</msg>
<status status="PASS" starttime="20191207 23:55:21.613" endtime="20191207 23:55:21.617"></status>
</kw>
<test id="s1-s1-s1-t1" name="MyFirstTest">
<kw name="Log" library="BuiltIn">
<doc>Logs the given message with the given level.</doc>
<arguments>
<arg>In first test case</arg>
</arguments>
<msg timestamp="20191207 23:55:21.629" level="INFO">In first test case</msg>
<status status="PASS" starttime="20191207 23:55:21.625" endtime="20191207 23:55:21.629"></status>
</kw>
<tags>
<tag>sanity</tag>
</tags>
<status status="PASS" starttime="20191207 23:55:21.621" endtime="20191207 23:55:21.629" critical="yes"></status>
</test>
<test id="s1-s1-s1-t2" name="MySecondTest">
<kw name="Log" library="BuiltIn">
<doc>Logs the given message with the given level.</doc>
<arguments>
<arg>In second test case</arg>
</arguments>
<msg timestamp="20191207 23:55:21.637" level="INFO">In second test case</msg>
<status status="PASS" starttime="20191207 23:55:21.637" endtime="20191207 23:55:21.637"></status>
</kw>
<tags>
<tag>smoke</tag>
</tags>
<status status="PASS" starttime="20191207 23:55:21.633" endtime="20191207 23:55:21.637" critical="yes"></status>
</test>
<test id="s1-s1-s1-t3" name="MyThirdTest">
<kw name="Log" library="BuiltIn">
<doc>Logs the given message with the given level.</doc>
<arguments>
<arg>In third test case</arg>
</arguments>
<msg timestamp="20191207 23:55:21.645" level="INFO">In third test case</msg>
<status status="PASS" starttime="20191207 23:55:21.641" endtime="20191207 23:55:21.645"></status>
</kw>
<tags>
<tag>sanity</tag>
</tags>
<status status="PASS" starttime="20191207 23:55:21.641" endtime="20191207 23:55:21.645" critical="yes"></status>
</test>
<test id="s1-s1-s1-t4" name="MyFourthTest">
<kw name="Log" library="BuiltIn">
<doc>Logs the given message with the given level.</doc>
<arguments>
<arg>In third test case</arg>
</arguments>
<msg timestamp="20191207 23:55:21.649" level="INFO">In third test case</msg>
<status status="PASS" starttime="20191207 23:55:21.649" endtime="20191207 23:55:21.649"></status>
</kw>
<tags>
<tag>sanity</tag>
</tags>
<status status="PASS" starttime="20191207 23:55:21.645" endtime="20191207 23:55:21.653" critical="yes"></status>
</test>
<kw name="Close All Browsers" library="SeleniumLibrary" type="teardown">
<doc>Closes all open browsers and resets the browser cache.</doc>
<status status="PASS" starttime="20191207 23:55:21.653" endtime="20191207 23:55:21.653"></status>
</kw>
<status status="PASS" starttime="20191207 23:55:21.173" endtime="20191207 23:55:21.653"></status>
</suite>
<status status="PASS" starttime="20191207 23:55:21.172" endtime="20191207 23:55:21.661"></status>
</suite>
<status status="PASS" starttime="20191207 23:55:21.126" endtime="20191207 23:55:21.669"></status>
</suite>
<statistics>
<total>
<stat pass="4" fail="0">Critical Tests</stat>
<stat pass="4" fail="0">All Tests</stat>
</total>
<tag>
<stat pass="3" fail="0">sanity</stat>
<stat pass="1" fail="0">smoke</stat>
</tag>
<suite>
<stat pass="4" fail="0" id="s1" name="FirstRoboProject">FirstRoboProject</stat>
<stat pass="4" fail="0" id="s1-s1" name="TestFolder">FirstRoboProject.TestFolder</stat>
<stat pass="4" fail="0" id="s1-s1-s1" name="SampleFirst">FirstRoboProject.TestFolder.SampleFirst</stat>
</suite>
</statistics>
<errors>
</errors>
</robot>
