<?xml version="1.0" encoding="UTF-8"?>
<robot generator="Robot 3.1.2 (Python 3.8.0 on win32)" generated="20191208 01:32:40.008" rpa="false">
<suite id="s1" name="FirstRoboProject" source="C:\Users\suraj\git\RobotRepo_Suraj_Date\FirstRoboProject">
<suite id="s1-s1" name="TestFolder" source="C:\Users\suraj\git\RobotRepo_Suraj_Date\FirstRoboProject\TestFolder">
<suite id="s1-s1-s1" name="FirstRoboProject" source="C:\Users\suraj\git\RobotRepo_Suraj_Date\FirstRoboProject\TestFolder\FirstRoboProject">
<suite id="s1-s1-s1-s1" name="TestFolder" source="C:\Users\suraj\git\RobotRepo_Suraj_Date\FirstRoboProject\TestFolder\FirstRoboProject\TestFolder">
<suite id="s1-s1-s1-s1-s1" name="SampleFirst" source="C:\Users\suraj\git\RobotRepo_Suraj_Date\FirstRoboProject\TestFolder\FirstRoboProject\TestFolder\SampleFirst.robot">
<kw name="Log" library="BuiltIn" type="setup">
<doc>Logs the given message with the given level.</doc>
<arguments>
<arg>In_Suite_setup</arg>
</arguments>
<msg timestamp="20191208 01:32:40.636" level="INFO">In_Suite_setup</msg>
<status status="PASS" starttime="20191208 01:32:40.635" endtime="20191208 01:32:40.636"></status>
</kw>
<test id="s1-s1-s1-s1-s1-t1" name="SampleLoginTest">
<kw name="Open Browser" library="SeleniumLibrary" type="setup">
<doc>Opens a new browser instance to the optional ``url``.</doc>
<arguments>
<arg>https://opensource-demo.orangehrmlive.com/</arg>
<arg>chrome</arg>
</arguments>
<msg timestamp="20191208 01:32:40.639" level="INFO">Opening browser 'chrome' to base url 'https://opensource-demo.orangehrmlive.com/'.</msg>
<status status="PASS" starttime="20191208 01:32:40.639" endtime="20191208 01:33:00.727"></status>
</kw>
<kw name="Set Browser Implicit Wait" library="SeleniumLibrary">
<doc>Sets the implicit wait value used by Selenium.</doc>
<arguments>
<arg>2</arg>
</arguments>
<status status="PASS" starttime="20191208 01:33:00.730" endtime="20191208 01:33:00.737"></status>
</kw>
<kw name="Input Text" library="SeleniumLibrary">
<doc>Types the given ``text`` into the text field identified by ``locator``.</doc>
<arguments>
<arg>id=txtUsername</arg>
<arg>admin</arg>
</arguments>
<msg timestamp="20191208 01:33:00.741" level="INFO">Typing text 'admin' into text field 'id=txtUsername'.</msg>
<status status="PASS" starttime="20191208 01:33:00.739" endtime="20191208 01:33:01.268"></status>
</kw>
<kw name="Set Browser Implicit Wait" library="SeleniumLibrary">
<doc>Sets the implicit wait value used by Selenium.</doc>
<arguments>
<arg>2</arg>
</arguments>
<status status="PASS" starttime="20191208 01:33:01.269" endtime="20191208 01:33:01.273"></status>
</kw>
<kw name="Input Password" library="SeleniumLibrary">
<doc>Types the given password into the text field identified by ``locator``.</doc>
<arguments>
<arg>id=txtPassword</arg>
<arg>admin123</arg>
</arguments>
<msg timestamp="20191208 01:33:01.275" level="INFO">Typing password into text field 'id=txtPassword'.</msg>
<status status="PASS" starttime="20191208 01:33:01.274" endtime="20191208 01:33:01.423"></status>
</kw>
<kw name="Set Browser Implicit Wait" library="SeleniumLibrary">
<doc>Sets the implicit wait value used by Selenium.</doc>
<arguments>
<arg>2</arg>
</arguments>
<status status="PASS" starttime="20191208 01:33:01.423" endtime="20191208 01:33:01.426"></status>
</kw>
<kw name="Click Button" library="SeleniumLibrary">
<doc>Clicks the button identified by ``locator``.</doc>
<arguments>
<arg>id=btnLogin</arg>
</arguments>
<msg timestamp="20191208 01:33:01.427" level="INFO">Clicking button 'id=btnLogin'.</msg>
<status status="PASS" starttime="20191208 01:33:01.426" endtime="20191208 01:33:08.122"></status>
</kw>
<kw name="Set Browser Implicit Wait" library="SeleniumLibrary">
<doc>Sets the implicit wait value used by Selenium.</doc>
<arguments>
<arg>2</arg>
</arguments>
<status status="PASS" starttime="20191208 01:33:08.122" endtime="20191208 01:33:08.127"></status>
</kw>
<kw name="Click Element" library="SeleniumLibrary">
<doc>Click the element identified by ``locator``.</doc>
<arguments>
<arg>id=welcome</arg>
</arguments>
<msg timestamp="20191208 01:33:08.129" level="INFO">Clicking element 'id=welcome'.</msg>
<status status="PASS" starttime="20191208 01:33:08.128" endtime="20191208 01:33:08.356"></status>
</kw>
<kw name="Set Browser Implicit Wait" library="SeleniumLibrary">
<doc>Sets the implicit wait value used by Selenium.</doc>
<arguments>
<arg>2</arg>
</arguments>
<status status="PASS" starttime="20191208 01:33:08.357" endtime="20191208 01:33:08.359"></status>
</kw>
<kw name="Click Element" library="SeleniumLibrary">
<doc>Click the element identified by ``locator``.</doc>
<arguments>
<arg>link=Logout</arg>
</arguments>
<msg timestamp="20191208 01:33:08.361" level="INFO">Clicking element 'link=Logout'.</msg>
<status status="PASS" starttime="20191208 01:33:08.360" endtime="20191208 01:33:10.438"></status>
</kw>
<kw name="Set Browser Implicit Wait" library="SeleniumLibrary">
<doc>Sets the implicit wait value used by Selenium.</doc>
<arguments>
<arg>2</arg>
</arguments>
<status status="PASS" starttime="20191208 01:33:10.439" endtime="20191208 01:33:10.444"></status>
</kw>
<kw name="Log" library="BuiltIn">
<doc>Logs the given message with the given level.</doc>
<arguments>
<arg>TestPassed..</arg>
</arguments>
<msg timestamp="20191208 01:33:10.446" level="INFO">TestPassed..</msg>
<status status="PASS" starttime="20191208 01:33:10.445" endtime="20191208 01:33:10.446"></status>
</kw>
<kw name="Close All Browsers" library="SeleniumLibrary" type="teardown">
<doc>Closes all open browsers and resets the browser cache.</doc>
<status status="PASS" starttime="20191208 01:33:10.448" endtime="20191208 01:33:13.109"></status>
</kw>
<tags>
<tag>sanity</tag>
</tags>
<status status="PASS" starttime="20191208 01:32:40.637" endtime="20191208 01:33:13.110" critical="yes"></status>
</test>
<test id="s1-s1-s1-s1-s1-t2" name="SampleLoginTest_Using_Variable">
<kw name="Open Browser" library="SeleniumLibrary" type="setup">
<doc>Opens a new browser instance to the optional ``url``.</doc>
<arguments>
<arg>https://opensource-demo.orangehrmlive.com/</arg>
<arg>chrome</arg>
</arguments>
<msg timestamp="20191208 01:33:13.119" level="INFO">Opening browser 'chrome' to base url 'https://opensource-demo.orangehrmlive.com/'.</msg>
<status status="PASS" starttime="20191208 01:33:13.116" endtime="20191208 01:33:24.646"></status>
</kw>
<kw name="Set Browser Implicit Wait" library="SeleniumLibrary">
<doc>Sets the implicit wait value used by Selenium.</doc>
<arguments>
<arg>2</arg>
</arguments>
<status status="PASS" starttime="20191208 01:33:24.647" endtime="20191208 01:33:24.652"></status>
</kw>
<kw name="Input Text" library="SeleniumLibrary">
<doc>Types the given ``text`` into the text field identified by ``locator``.</doc>
<arguments>
<arg>id=txtUsername</arg>
<arg>@{credentails}[0]</arg>
</arguments>
<msg timestamp="20191208 01:33:24.654" level="INFO">Typing text 'admin' into text field 'id=txtUsername'.</msg>
<status status="PASS" starttime="20191208 01:33:24.653" endtime="20191208 01:33:24.814"></status>
</kw>
<kw name="Set Browser Implicit Wait" library="SeleniumLibrary">
<doc>Sets the implicit wait value used by Selenium.</doc>
<arguments>
<arg>2</arg>
</arguments>
<status status="PASS" starttime="20191208 01:33:24.815" endtime="20191208 01:33:24.817"></status>
</kw>
<kw name="Input Password" library="SeleniumLibrary">
<doc>Types the given password into the text field identified by ``locator``.</doc>
<arguments>
<arg>id=txtPassword</arg>
<arg>&amp;{LoginData}[password]</arg>
</arguments>
<msg timestamp="20191208 01:33:24.818" level="INFO">Typing password into text field 'id=txtPassword'.</msg>
<status status="PASS" starttime="20191208 01:33:24.817" endtime="20191208 01:33:24.937"></status>
</kw>
<kw name="Set Browser Implicit Wait" library="SeleniumLibrary">
<doc>Sets the implicit wait value used by Selenium.</doc>
<arguments>
<arg>2</arg>
</arguments>
<status status="PASS" starttime="20191208 01:33:24.937" endtime="20191208 01:33:24.940"></status>
</kw>
<kw name="Click Button" library="SeleniumLibrary">
<doc>Clicks the button identified by ``locator``.</doc>
<arguments>
<arg>id=btnLogin</arg>
</arguments>
<msg timestamp="20191208 01:33:24.941" level="INFO">Clicking button 'id=btnLogin'.</msg>
<status status="PASS" starttime="20191208 01:33:24.940" endtime="20191208 01:33:31.953"></status>
</kw>
<kw name="Set Browser Implicit Wait" library="SeleniumLibrary">
<doc>Sets the implicit wait value used by Selenium.</doc>
<arguments>
<arg>2</arg>
</arguments>
<status status="PASS" starttime="20191208 01:33:31.954" endtime="20191208 01:33:31.957"></status>
</kw>
<kw name="Click Element" library="SeleniumLibrary">
<doc>Click the element identified by ``locator``.</doc>
<arguments>
<arg>id=welcome</arg>
</arguments>
<msg timestamp="20191208 01:33:31.958" level="INFO">Clicking element 'id=welcome'.</msg>
<status status="PASS" starttime="20191208 01:33:31.958" endtime="20191208 01:33:32.200"></status>
</kw>
<kw name="Set Browser Implicit Wait" library="SeleniumLibrary">
<doc>Sets the implicit wait value used by Selenium.</doc>
<arguments>
<arg>10</arg>
</arguments>
<status status="PASS" starttime="20191208 01:33:32.201" endtime="20191208 01:33:32.204"></status>
</kw>
<kw name="Click Element" library="SeleniumLibrary">
<doc>Click the element identified by ``locator``.</doc>
<arguments>
<arg>link=Logout</arg>
</arguments>
<msg timestamp="20191208 01:33:32.206" level="INFO">Clicking element 'link=Logout'.</msg>
<status status="PASS" starttime="20191208 01:33:32.206" endtime="20191208 01:33:33.600"></status>
</kw>
<kw name="Set Browser Implicit Wait" library="SeleniumLibrary">
<doc>Sets the implicit wait value used by Selenium.</doc>
<arguments>
<arg>2</arg>
</arguments>
<status status="PASS" starttime="20191208 01:33:33.600" endtime="20191208 01:33:33.605"></status>
</kw>
<kw name="Log" library="BuiltIn">
<doc>Logs the given message with the given level.</doc>
<arguments>
<arg>This test was conducted by %{username} on %{os}</arg>
</arguments>
<msg timestamp="20191208 01:33:33.608" level="INFO">This test was conducted by suraj on Windows_NT</msg>
<status status="PASS" starttime="20191208 01:33:33.606" endtime="20191208 01:33:33.609"></status>
</kw>
<kw name="Log" library="BuiltIn">
<doc>Logs the given message with the given level.</doc>
<arguments>
<arg>TestPassed..</arg>
</arguments>
<msg timestamp="20191208 01:33:33.611" level="INFO">TestPassed..</msg>
<status status="PASS" starttime="20191208 01:33:33.610" endtime="20191208 01:33:33.611"></status>
</kw>
<kw name="Close All Browsers" library="SeleniumLibrary" type="teardown">
<doc>Closes all open browsers and resets the browser cache.</doc>
<status status="PASS" starttime="20191208 01:33:33.612" endtime="20191208 01:33:35.861"></status>
</kw>
<tags>
<tag>sanity</tag>
</tags>
<status status="PASS" starttime="20191208 01:33:13.112" endtime="20191208 01:33:35.863" critical="yes"></status>
</test>
<test id="s1-s1-s1-s1-s1-t3" name="SampleLoginTest_Using_Variable_&amp;_Keywords">
<kw name="Open Browser" library="SeleniumLibrary" type="setup">
<doc>Opens a new browser instance to the optional ``url``.</doc>
<arguments>
<arg>https://opensource-demo.orangehrmlive.com/</arg>
<arg>chrome</arg>
</arguments>
<msg timestamp="20191208 01:33:35.871" level="INFO">Opening browser 'chrome' to base url 'https://opensource-demo.orangehrmlive.com/'.</msg>
<status status="PASS" starttime="20191208 01:33:35.869" endtime="20191208 01:33:47.450"></status>
</kw>
<kw name="Set Browser Implicit Wait" library="SeleniumLibrary">
<doc>Sets the implicit wait value used by Selenium.</doc>
<arguments>
<arg>2</arg>
</arguments>
<status status="PASS" starttime="20191208 01:33:47.451" endtime="20191208 01:33:47.454"></status>
</kw>
<kw name="LoginAction">
<kw name="Input Text" library="SeleniumLibrary">
<doc>Types the given ``text`` into the text field identified by ``locator``.</doc>
<arguments>
<arg>id=txtUsername</arg>
<arg>@{credentails}[0]</arg>
</arguments>
<msg timestamp="20191208 01:33:47.456" level="INFO">Typing text 'admin' into text field 'id=txtUsername'.</msg>
<status status="PASS" starttime="20191208 01:33:47.455" endtime="20191208 01:33:47.635"></status>
</kw>
<kw name="Set Browser Implicit Wait" library="SeleniumLibrary">
<doc>Sets the implicit wait value used by Selenium.</doc>
<arguments>
<arg>2</arg>
</arguments>
<status status="PASS" starttime="20191208 01:33:47.635" endtime="20191208 01:33:47.638"></status>
</kw>
<kw name="Input Password" library="SeleniumLibrary">
<doc>Types the given password into the text field identified by ``locator``.</doc>
<arguments>
<arg>id=txtPassword</arg>
<arg>&amp;{LoginData}[password]</arg>
</arguments>
<msg timestamp="20191208 01:33:47.640" level="INFO">Typing password into text field 'id=txtPassword'.</msg>
<status status="PASS" starttime="20191208 01:33:47.639" endtime="20191208 01:33:47.823"></status>
</kw>
<kw name="Set Browser Implicit Wait" library="SeleniumLibrary">
<doc>Sets the implicit wait value used by Selenium.</doc>
<arguments>
<arg>2</arg>
</arguments>
<status status="PASS" starttime="20191208 01:33:47.823" endtime="20191208 01:33:47.825"></status>
</kw>
<kw name="Click Button" library="SeleniumLibrary">
<doc>Clicks the button identified by ``locator``.</doc>
<arguments>
<arg>id=btnLogin</arg>
</arguments>
<msg timestamp="20191208 01:33:47.826" level="INFO">Clicking button 'id=btnLogin'.</msg>
<status status="PASS" starttime="20191208 01:33:47.826" endtime="20191208 01:33:50.964"></status>
</kw>
<status status="PASS" starttime="20191208 01:33:47.455" endtime="20191208 01:33:50.965"></status>
</kw>
<kw name="Set Browser Implicit Wait" library="SeleniumLibrary">
<doc>Sets the implicit wait value used by Selenium.</doc>
<arguments>
<arg>2</arg>
</arguments>
<status status="PASS" starttime="20191208 01:33:50.966" endtime="20191208 01:33:50.971"></status>
</kw>
<kw name="Click Element" library="SeleniumLibrary">
<doc>Click the element identified by ``locator``.</doc>
<arguments>
<arg>id=welcome</arg>
</arguments>
<msg timestamp="20191208 01:33:50.972" level="INFO">Clicking element 'id=welcome'.</msg>
<status status="PASS" starttime="20191208 01:33:50.972" endtime="20191208 01:33:52.424"></status>
</kw>
<kw name="Set Browser Implicit Wait" library="SeleniumLibrary">
<doc>Sets the implicit wait value used by Selenium.</doc>
<arguments>
<arg>10</arg>
</arguments>
<status status="PASS" starttime="20191208 01:33:52.425" endtime="20191208 01:33:52.428"></status>
</kw>
<kw name="Click Element" library="SeleniumLibrary">
<doc>Click the element identified by ``locator``.</doc>
<arguments>
<arg>link=Logout</arg>
</arguments>
<msg timestamp="20191208 01:33:52.430" level="INFO">Clicking element 'link=Logout'.</msg>
<status status="PASS" starttime="20191208 01:33:52.429" endtime="20191208 01:33:55.028"></status>
</kw>
<kw name="Set Browser Implicit Wait" library="SeleniumLibrary">
<doc>Sets the implicit wait value used by Selenium.</doc>
<arguments>
<arg>2</arg>
</arguments>
<status status="PASS" starttime="20191208 01:33:55.029" endtime="20191208 01:33:55.033"></status>
</kw>
<kw name="Log" library="BuiltIn">
<doc>Logs the given message with the given level.</doc>
<arguments>
<arg>This test was conducted by %{username} on %{os}</arg>
</arguments>
<msg timestamp="20191208 01:33:55.036" level="INFO">This test was conducted by suraj on Windows_NT</msg>
<status status="PASS" starttime="20191208 01:33:55.035" endtime="20191208 01:33:55.037"></status>
</kw>
<kw name="Log" library="BuiltIn">
<doc>Logs the given message with the given level.</doc>
<arguments>
<arg>TestPassed..</arg>
</arguments>
<msg timestamp="20191208 01:33:55.039" level="INFO">TestPassed..</msg>
<status status="PASS" starttime="20191208 01:33:55.038" endtime="20191208 01:33:55.040"></status>
</kw>
<kw name="Close All Browsers" library="SeleniumLibrary" type="teardown">
<doc>Closes all open browsers and resets the browser cache.</doc>
<status status="PASS" starttime="20191208 01:33:55.041" endtime="20191208 01:33:57.281"></status>
</kw>
<tags>
<tag>sanity</tag>
</tags>
<status status="PASS" starttime="20191208 01:33:35.866" endtime="20191208 01:33:57.296" critical="yes"></status>
</test>
<kw name="Close All Browsers" library="SeleniumLibrary" type="teardown">
<doc>Closes all open browsers and resets the browser cache.</doc>
<status status="PASS" starttime="20191208 01:33:57.300" endtime="20191208 01:33:57.302"></status>
</kw>
<status status="PASS" starttime="20191208 01:32:40.208" endtime="20191208 01:33:57.303"></status>
</suite>
<status status="PASS" starttime="20191208 01:32:40.203" endtime="20191208 01:33:57.317"></status>
</suite>
<status status="PASS" starttime="20191208 01:32:40.198" endtime="20191208 01:33:57.325"></status>
</suite>
<status status="PASS" starttime="20191208 01:32:40.193" endtime="20191208 01:33:57.330"></status>
</suite>
<status status="PASS" starttime="20191208 01:32:40.136" endtime="20191208 01:33:57.336"></status>
</suite>
<statistics>
<total>
<stat pass="3" fail="0">Critical Tests</stat>
<stat pass="3" fail="0">All Tests</stat>
</total>
<tag>
<stat pass="3" fail="0">sanity</stat>
</tag>
<suite>
<stat pass="3" fail="0" id="s1" name="FirstRoboProject">FirstRoboProject</stat>
<stat pass="3" fail="0" id="s1-s1" name="TestFolder">FirstRoboProject.TestFolder</stat>
<stat pass="3" fail="0" id="s1-s1-s1" name="FirstRoboProject">FirstRoboProject.TestFolder.FirstRoboProject</stat>
<stat pass="3" fail="0" id="s1-s1-s1-s1" name="TestFolder">FirstRoboProject.TestFolder.FirstRoboProject.TestFolder</stat>
<stat pass="3" fail="0" id="s1-s1-s1-s1-s1" name="SampleFirst">FirstRoboProject.TestFolder.FirstRoboProject.TestFolder.SampleFirst</stat>
</suite>
</statistics>
<errors>
</errors>
</robot>
